<?xml version="1.0" encoding="UTF-8"?>
<robot generator="Robot 5.0.1 (Python 3.10.7 on win32)" generated="20230110 13:41:56.927" rpa="false" schemaversion="3">
<suite id="s1" name="TesteSplitter" source="C:\Users\dionatan.santos\Desktop\Meus diversos\PHA - Prime Hero Academy\Aulas\TesteSplitter">
<suite id="s1-s1" name="TesteSplitterMK" source="C:\Users\dionatan.santos\Desktop\Meus diversos\PHA - Prime Hero Academy\Aulas\TesteSplitter\TesteSplitterMK.robot">
<test id="s1-s1-t1" name="Abrir o navegador" line="12">
<kw name="Open">
<kw name="Open Browser" library="SeleniumLibrary">
<arg>${URL_PAGINA}</arg>
<arg>${NAVEGADOR_CHROME}</arg>
<doc>Opens a new browser instance to the optional ``url``.</doc>
<msg timestamp="20230110 13:41:57.195" level="INFO">Opening browser 'chrome' to base url 'https://grenal.mksolutions.com.br/mk'.</msg>
<msg timestamp="20230110 13:42:00.775" level="INFO">Cannot capture screenshot because no browser is open.</msg>
<msg timestamp="20230110 13:42:00.782" level="FAIL">SessionNotCreatedException: Message: session not created: This version of ChromeDriver only supports Chrome version 105
Current browser version is 108.0.5359.125 with binary path C:\Program Files\Google\Chrome\Application\chrome.exe
Stacktrace:
Backtrace:
	Ordinal0 [0x010EDF13+2219795]
	Ordinal0 [0x01082841+1779777]
	Ordinal0 [0x00F9423D+803389]
	Ordinal0 [0x00FB64AC+943276]
	Ordinal0 [0x00FB19F0+924144]
	Ordinal0 [0x00FAF179+913785]
	Ordinal0 [0x00FE36B9+1128121]
	Ordinal0 [0x00FE331A+1127194]
	Ordinal0 [0x00FDE616+1107478]
	Ordinal0 [0x00FB7F89+950153]
	Ordinal0 [0x00FB8F56+954198]
	GetHandleVerifier [0x013E2CB2+3040210]
	GetHandleVerifier [0x013D2BB4+2974420]
	GetHandleVerifier [0x01186A0A+565546]
	GetHandleVerifier [0x01185680+560544]
	Ordinal0 [0x01089A5C+1808988]
	Ordinal0 [0x0108E3A8+1827752]
	Ordinal0 [0x0108E495+1827989]
	Ordinal0 [0x010980A4+1867940]
	BaseThreadInitThunk [0x774300F9+25]
	RtlGetAppContainerNamedObjectPath [0x776A7BBE+286]
	RtlGetAppContainerNamedObjectPath [0x776A7B8E+238]
</msg>
<status status="FAIL" starttime="20230110 13:41:57.194" endtime="20230110 13:42:00.800"/>
</kw>
<kw name="Maximize Browser Window" library="SeleniumLibrary">
<doc>Maximizes current browser window.</doc>
<status status="NOT RUN" starttime="20230110 13:42:00.801" endtime="20230110 13:42:00.802"/>
</kw>
<status status="FAIL" starttime="20230110 13:41:57.194" endtime="20230110 13:42:00.805"/>
</kw>
<kw name="Insert user">
<status status="NOT RUN" starttime="20230110 13:42:00.807" endtime="20230110 13:42:00.809"/>
</kw>
<kw name="Close Browser" type="TEARDOWN">
<kw name="Sleep" library="BuiltIn">
<arg>5 seconds</arg>
<doc>Pauses the test executed for the given time.</doc>
<msg timestamp="20230110 13:42:05.832" level="INFO">Slept 5 seconds</msg>
<status status="PASS" starttime="20230110 13:42:00.815" endtime="20230110 13:42:05.836"/>
</kw>
<kw name="Close Browser">
<kw name="Sleep" library="BuiltIn">
<arg>5 seconds</arg>
<doc>Pauses the test executed for the given time.</doc>
<msg timestamp="20230110 13:42:10.850" level="INFO">Slept 5 seconds</msg>
<status status="PASS" starttime="20230110 13:42:05.840" endtime="20230110 13:42:10.853"/>
</kw>
<kw name="Close Browser">
<kw name="Sleep" library="BuiltIn">
<arg>5 seconds</arg>
<doc>Pauses the test executed for the given time.</doc>
<msg timestamp="20230110 13:42:15.874" level="INFO">Slept 5 seconds</msg>
<status status="PASS" starttime="20230110 13:42:10.859" endtime="20230110 13:42:15.876"/>
</kw>
<kw name="Close Browser">
<kw name="Sleep" library="BuiltIn">
<arg>5 seconds</arg>
<doc>Pauses the test executed for the given time.</doc>
<msg timestamp="20230110 13:42:20.889" level="INFO">Slept 5 seconds</msg>
<status status="PASS" starttime="20230110 13:42:15.878" endtime="20230110 13:42:20.889"/>
</kw>
<kw name="Close Browser">
<kw name="Sleep" library="BuiltIn">
<arg>5 seconds</arg>
<doc>Pauses the test executed for the given time.</doc>
<msg timestamp="20230110 13:42:25.907" level="INFO">Slept 5 seconds</msg>
<status status="PASS" starttime="20230110 13:42:20.890" endtime="20230110 13:42:25.907"/>
</kw>
<kw name="Close Browser">
<kw name="Sleep" library="BuiltIn">
<arg>5 seconds</arg>
<doc>Pauses the test executed for the given time.</doc>
<msg timestamp="20230110 13:42:30.923" level="INFO">Slept 5 seconds</msg>
<status status="PASS" starttime="20230110 13:42:25.908" endtime="20230110 13:42:30.923"/>
</kw>
<kw name="Close Browser">
<kw name="Sleep" library="BuiltIn">
<arg>5 seconds</arg>
<doc>Pauses the test executed for the given time.</doc>
<msg timestamp="20230110 13:42:35.940" level="INFO">Slept 5 seconds</msg>
<status status="PASS" starttime="20230110 13:42:30.924" endtime="20230110 13:42:35.940"/>
</kw>
<kw name="Close Browser">
<kw name="Sleep" library="BuiltIn">
<arg>5 seconds</arg>
<doc>Pauses the test executed for the given time.</doc>
<status status="FAIL" starttime="20230110 13:42:35.941" endtime="20230110 13:42:37.263"/>
</kw>
<kw name="Close Browser">
<status status="NOT RUN" starttime="20230110 13:42:37.264" endtime="20230110 13:42:37.264"/>
</kw>
<status status="FAIL" starttime="20230110 13:42:35.940" endtime="20230110 13:42:37.264"/>
</kw>
<status status="FAIL" starttime="20230110 13:42:30.924" endtime="20230110 13:42:37.265"/>
</kw>
<status status="FAIL" starttime="20230110 13:42:25.907" endtime="20230110 13:42:37.265"/>
</kw>
<status status="FAIL" starttime="20230110 13:42:20.890" endtime="20230110 13:42:37.265"/>
</kw>
<status status="FAIL" starttime="20230110 13:42:15.876" endtime="20230110 13:42:37.265"/>
</kw>
<status status="FAIL" starttime="20230110 13:42:10.855" endtime="20230110 13:42:37.265"/>
</kw>
<status status="FAIL" starttime="20230110 13:42:05.836" endtime="20230110 13:42:37.266"/>
</kw>
<status status="FAIL" starttime="20230110 13:42:00.813" endtime="20230110 13:42:37.266">Execution terminated by signal</status>
</kw>
<status status="FAIL" starttime="20230110 13:41:57.191" endtime="20230110 13:42:37.266">SessionNotCreatedException: Message: session not created: This version of ChromeDriver only supports Chrome version 105
Current browser version is 108.0.5359.125 with binary path C:\Program Files\Google\Chrome\Application\chrome.exe
Stacktrace:
Backtrace:
	Ordinal0 [0x010EDF13+2219795]
	Ordinal0 [0x01082841+1779777]
	Ordinal0 [0x00F9423D+803389]
	Ordinal0 [0x00FB64AC+943276]
	Ordinal0 [0x00FB19F0+924144]
	Ordinal0 [0x00FAF179+913785]
	Ordinal0 [0x00FE36B9+1128121]
	Ordinal0 [0x00FE331A+1127194]
	Ordinal0 [0x00FDE616+1107478]
	Ordinal0 [0x00FB7F89+950153]
	Ordinal0 [0x00FB8F56+954198]
	GetHandleVerifier [0x013E2CB2+3040210]
	GetHandleVerifier [0x013D2BB4+2974420]
	GetHandleVerifier [0x01186A0A+565546]
	GetHandleVerifier [0x01185680+560544]
	Ordinal0 [0x01089A5C+1808988]
	Ordinal0 [0x0108E3A8+1827752]
	Ordinal0 [0x0108E495+1827989]
	Ordinal0 [0x010980A4+1867940]
	BaseThreadInitThunk [0x774300F9+25]
	RtlGetAppContainerNamedObjectPath [0x776A7BBE+286]
	RtlGetAppContainerNamedObjectPath [0x776A7B8E+238]


Also teardown failed:
Execution terminated by signal</status>
</test>
<status status="FAIL" starttime="20230110 13:41:56.954" endtime="20230110 13:42:37.270"/>
</suite>
<status status="FAIL" starttime="20230110 13:41:56.930" endtime="20230110 13:42:37.275"/>
</suite>
<statistics>
<total>
<stat pass="0" fail="1" skip="0">All Tests</stat>
</total>
<tag>
</tag>
<suite>
<stat pass="0" fail="1" skip="0" id="s1" name="TesteSplitter">TesteSplitter</stat>
<stat pass="0" fail="1" skip="0" id="s1-s1" name="TesteSplitterMK">TesteSplitter.TesteSplitterMK</stat>
</suite>
</statistics>
<errors>
</errors>
</robot>
